The system is: Linux - 3.2.0-4-486 - i686
Compiling the C compiler identification source file "CMakeCCompilerId.c" succeeded.
Compiler: /usr/bin/gcc 
Build flags: 
Id flags: 

The output was:
0


Compilation of the C compiler identification source "CMakeCCompilerId.c" produced "a.out"

The C compiler identification is GNU, found in "/home/tomek/hg/hedgewars/myHedgewarsBranch/CMakeFiles/CompilerIdC/a.out"

Compiling the CXX compiler identification source file "CMakeCXXCompilerId.cpp" succeeded.
Compiler: /usr/bin/c++ 
Build flags: 
Id flags: 

The output was:
0


Compilation of the CXX compiler identification source "CMakeCXXCompilerId.cpp" produced "a.out"

The CXX compiler identification is GNU, found in "/home/tomek/hg/hedgewars/myHedgewarsBranch/CMakeFiles/CompilerIdCXX/a.out"

Determining if the C compiler works passed with the following output:
Change Dir: /home/tomek/hg/hedgewars/myHedgewarsBranch/CMakeFiles/CMakeTmp

Run Build Command:/usr/bin/make "cmTryCompileExec3564544382/fast"
/usr/bin/make -f CMakeFiles/cmTryCompileExec3564544382.dir/build.make CMakeFiles/cmTryCompileExec3564544382.dir/build
make[1]: Wejście do katalogu `/home/tomek/hg/hedgewars/myHedgewarsBranch/CMakeFiles/CMakeTmp'
/usr/bin/cmake -E cmake_progress_report /home/tomek/hg/hedgewars/myHedgewarsBranch/CMakeFiles/CMakeTmp/CMakeFiles 1
Building C object CMakeFiles/cmTryCompileExec3564544382.dir/testCCompiler.c.o
/usr/bin/gcc    -o CMakeFiles/cmTryCompileExec3564544382.dir/testCCompiler.c.o   -c /home/tomek/hg/hedgewars/myHedgewarsBranch/CMakeFiles/CMakeTmp/testCCompiler.c
Linking C executable cmTryCompileExec3564544382
/usr/bin/cmake -E cmake_link_script CMakeFiles/cmTryCompileExec3564544382.dir/link.txt --verbose=1
/usr/bin/gcc         CMakeFiles/cmTryCompileExec3564544382.dir/testCCompiler.c.o  -o cmTryCompileExec3564544382 -rdynamic 
make[1]: Opuszczenie katalogu `/home/tomek/hg/hedgewars/myHedgewarsBranch/CMakeFiles/CMakeTmp'


Detecting C compiler ABI info compiled with the following output:
Change Dir: /home/tomek/hg/hedgewars/myHedgewarsBranch/CMakeFiles/CMakeTmp

Run Build Command:/usr/bin/make "cmTryCompileExec3990763612/fast"
/usr/bin/make -f CMakeFiles/cmTryCompileExec3990763612.dir/build.make CMakeFiles/cmTryCompileExec3990763612.dir/build
make[1]: Wejście do katalogu `/home/tomek/hg/hedgewars/myHedgewarsBranch/CMakeFiles/CMakeTmp'
/usr/bin/cmake -E cmake_progress_report /home/tomek/hg/hedgewars/myHedgewarsBranch/CMakeFiles/CMakeTmp/CMakeFiles 1
Building C object CMakeFiles/cmTryCompileExec3990763612.dir/CMakeCCompilerABI.c.o
/usr/bin/gcc    -o CMakeFiles/cmTryCompileExec3990763612.dir/CMakeCCompilerABI.c.o   -c /usr/share/cmake-2.8/Modules/CMakeCCompilerABI.c
Linking C executable cmTryCompileExec3990763612
/usr/bin/cmake -E cmake_link_script CMakeFiles/cmTryCompileExec3990763612.dir/link.txt --verbose=1
/usr/bin/gcc       -v CMakeFiles/cmTryCompileExec3990763612.dir/CMakeCCompilerABI.c.o  -o cmTryCompileExec3990763612 -rdynamic  
Using built-in specs.
COLLECT_GCC=/usr/bin/gcc
COLLECT_LTO_WRAPPER=/usr/lib/gcc/i486-linux-gnu/4.7/lto-wrapper
Target: i486-linux-gnu
Configured with: ../src/configure -v --with-pkgversion='Debian 4.7.2-5' --with-bugurl=file:///usr/share/doc/gcc-4.7/README.Bugs --enable-languages=c,c++,go,fortran,objc,obj-c++ --prefix=/usr --program-suffix=-4.7 --enable-shared --enable-linker-build-id --with-system-zlib --libexecdir=/usr/lib --without-included-gettext --enable-threads=posix --with-gxx-include-dir=/usr/include/c++/4.7 --libdir=/usr/lib --enable-nls --with-sysroot=/ --enable-clocale=gnu --enable-libstdcxx-debug --enable-libstdcxx-time=yes --enable-gnu-unique-object --enable-plugin --enable-objc-gc --enable-targets=all --with-arch-32=i586 --with-tune=generic --enable-checking=release --build=i486-linux-gnu --host=i486-linux-gnu --target=i486-linux-gnu
Thread model: posix
gcc version 4.7.2 (Debian 4.7.2-5) 
COMPILER_PATH=/usr/lib/gcc/i486-linux-gnu/4.7/:/usr/lib/gcc/i486-linux-gnu/4.7/:/usr/lib/gcc/i486-linux-gnu/:/usr/lib/gcc/i486-linux-gnu/4.7/:/usr/lib/gcc/i486-linux-gnu/
LIBRARY_PATH=/usr/lib/gcc/i486-linux-gnu/4.7/:/usr/lib/gcc/i486-linux-gnu/4.7/../../../i386-linux-gnu/:/usr/lib/gcc/i486-linux-gnu/4.7/../../../../lib/:/lib/i386-linux-gnu/:/lib/../lib/:/usr/lib/i386-linux-gnu/:/usr/lib/../lib/:/usr/lib/gcc/i486-linux-gnu/4.7/../../../:/lib/:/usr/lib/
COLLECT_GCC_OPTIONS='-v' '-o' 'cmTryCompileExec3990763612' '-rdynamic' '-mtune=generic' '-march=i586'
 /usr/lib/gcc/i486-linux-gnu/4.7/collect2 --sysroot=/ --build-id --no-add-needed --eh-frame-hdr -m elf_i386 --hash-style=both -export-dynamic -dynamic-linker /lib/ld-linux.so.2 -o cmTryCompileExec3990763612 /usr/lib/gcc/i486-linux-gnu/4.7/../../../i386-linux-gnu/crt1.o /usr/lib/gcc/i486-linux-gnu/4.7/../../../i386-linux-gnu/crti.o /usr/lib/gcc/i486-linux-gnu/4.7/crtbegin.o -L/usr/lib/gcc/i486-linux-gnu/4.7 -L/usr/lib/gcc/i486-linux-gnu/4.7/../../../i386-linux-gnu -L/usr/lib/gcc/i486-linux-gnu/4.7/../../../../lib -L/lib/i386-linux-gnu -L/lib/../lib -L/usr/lib/i386-linux-gnu -L/usr/lib/../lib -L/usr/lib/gcc/i486-linux-gnu/4.7/../../.. CMakeFiles/cmTryCompileExec3990763612.dir/CMakeCCompilerABI.c.o -lgcc --as-needed -lgcc_s --no-as-needed -lc -lgcc --as-needed -lgcc_s --no-as-needed /usr/lib/gcc/i486-linux-gnu/4.7/crtend.o /usr/lib/gcc/i486-linux-gnu/4.7/../../../i386-linux-gnu/crtn.o
make[1]: Opuszczenie katalogu `/home/tomek/hg/hedgewars/myHedgewarsBranch/CMakeFiles/CMakeTmp'


Parsed C implicit link information from above output:
  link line regex: [^( *|.*[/\])(ld|ld|collect2)[^/\]*( |$)]
  ignore line: [Change Dir: /home/tomek/hg/hedgewars/myHedgewarsBranch/CMakeFiles/CMakeTmp]
  ignore line: []
  ignore line: [Run Build Command:/usr/bin/make "cmTryCompileExec3990763612/fast"]
  ignore line: [/usr/bin/make -f CMakeFiles/cmTryCompileExec3990763612.dir/build.make CMakeFiles/cmTryCompileExec3990763612.dir/build]
  ignore line: [make[1]: Wejście do katalogu `/home/tomek/hg/hedgewars/myHedgewarsBranch/CMakeFiles/CMakeTmp']
  ignore line: [/usr/bin/cmake -E cmake_progress_report /home/tomek/hg/hedgewars/myHedgewarsBranch/CMakeFiles/CMakeTmp/CMakeFiles 1]
  ignore line: [Building C object CMakeFiles/cmTryCompileExec3990763612.dir/CMakeCCompilerABI.c.o]
  ignore line: [/usr/bin/gcc    -o CMakeFiles/cmTryCompileExec3990763612.dir/CMakeCCompilerABI.c.o   -c /usr/share/cmake-2.8/Modules/CMakeCCompilerABI.c]
  ignore line: [Linking C executable cmTryCompileExec3990763612]
  ignore line: [/usr/bin/cmake -E cmake_link_script CMakeFiles/cmTryCompileExec3990763612.dir/link.txt --verbose=1]
  ignore line: [/usr/bin/gcc       -v CMakeFiles/cmTryCompileExec3990763612.dir/CMakeCCompilerABI.c.o  -o cmTryCompileExec3990763612 -rdynamic  ]
  ignore line: [Using built-in specs.]
  ignore line: [COLLECT_GCC=/usr/bin/gcc]
  ignore line: [COLLECT_LTO_WRAPPER=/usr/lib/gcc/i486-linux-gnu/4.7/lto-wrapper]
  ignore line: [Target: i486-linux-gnu]
  ignore line: [Configured with: ../src/configure -v --with-pkgversion='Debian 4.7.2-5' --with-bugurl=file:///usr/share/doc/gcc-4.7/README.Bugs --enable-languages=c,c++,go,fortran,objc,obj-c++ --prefix=/usr --program-suffix=-4.7 --enable-shared --enable-linker-build-id --with-system-zlib --libexecdir=/usr/lib --without-included-gettext --enable-threads=posix --with-gxx-include-dir=/usr/include/c++/4.7 --libdir=/usr/lib --enable-nls --with-sysroot=/ --enable-clocale=gnu --enable-libstdcxx-debug --enable-libstdcxx-time=yes --enable-gnu-unique-object --enable-plugin --enable-objc-gc --enable-targets=all --with-arch-32=i586 --with-tune=generic --enable-checking=release --build=i486-linux-gnu --host=i486-linux-gnu --target=i486-linux-gnu]
  ignore line: [Thread model: posix]
  ignore line: [gcc version 4.7.2 (Debian 4.7.2-5) ]
  ignore line: [COMPILER_PATH=/usr/lib/gcc/i486-linux-gnu/4.7/:/usr/lib/gcc/i486-linux-gnu/4.7/:/usr/lib/gcc/i486-linux-gnu/:/usr/lib/gcc/i486-linux-gnu/4.7/:/usr/lib/gcc/i486-linux-gnu/]
  ignore line: [LIBRARY_PATH=/usr/lib/gcc/i486-linux-gnu/4.7/:/usr/lib/gcc/i486-linux-gnu/4.7/../../../i386-linux-gnu/:/usr/lib/gcc/i486-linux-gnu/4.7/../../../../lib/:/lib/i386-linux-gnu/:/lib/../lib/:/usr/lib/i386-linux-gnu/:/usr/lib/../lib/:/usr/lib/gcc/i486-linux-gnu/4.7/../../../:/lib/:/usr/lib/]
  ignore line: [COLLECT_GCC_OPTIONS='-v' '-o' 'cmTryCompileExec3990763612' '-rdynamic' '-mtune=generic' '-march=i586']
  link line: [ /usr/lib/gcc/i486-linux-gnu/4.7/collect2 --sysroot=/ --build-id --no-add-needed --eh-frame-hdr -m elf_i386 --hash-style=both -export-dynamic -dynamic-linker /lib/ld-linux.so.2 -o cmTryCompileExec3990763612 /usr/lib/gcc/i486-linux-gnu/4.7/../../../i386-linux-gnu/crt1.o /usr/lib/gcc/i486-linux-gnu/4.7/../../../i386-linux-gnu/crti.o /usr/lib/gcc/i486-linux-gnu/4.7/crtbegin.o -L/usr/lib/gcc/i486-linux-gnu/4.7 -L/usr/lib/gcc/i486-linux-gnu/4.7/../../../i386-linux-gnu -L/usr/lib/gcc/i486-linux-gnu/4.7/../../../../lib -L/lib/i386-linux-gnu -L/lib/../lib -L/usr/lib/i386-linux-gnu -L/usr/lib/../lib -L/usr/lib/gcc/i486-linux-gnu/4.7/../../.. CMakeFiles/cmTryCompileExec3990763612.dir/CMakeCCompilerABI.c.o -lgcc --as-needed -lgcc_s --no-as-needed -lc -lgcc --as-needed -lgcc_s --no-as-needed /usr/lib/gcc/i486-linux-gnu/4.7/crtend.o /usr/lib/gcc/i486-linux-gnu/4.7/../../../i386-linux-gnu/crtn.o]
    arg [/usr/lib/gcc/i486-linux-gnu/4.7/collect2] ==> ignore
    arg [--sysroot=/] ==> ignore
    arg [--build-id] ==> ignore
    arg [--no-add-needed] ==> ignore
    arg [--eh-frame-hdr] ==> ignore
    arg [-m] ==> ignore
    arg [elf_i386] ==> ignore
    arg [--hash-style=both] ==> ignore
    arg [-export-dynamic] ==> ignore
    arg [-dynamic-linker] ==> ignore
    arg [/lib/ld-linux.so.2] ==> ignore
    arg [-o] ==> ignore
    arg [cmTryCompileExec3990763612] ==> ignore
    arg [/usr/lib/gcc/i486-linux-gnu/4.7/../../../i386-linux-gnu/crt1.o] ==> ignore
    arg [/usr/lib/gcc/i486-linux-gnu/4.7/../../../i386-linux-gnu/crti.o] ==> ignore
    arg [/usr/lib/gcc/i486-linux-gnu/4.7/crtbegin.o] ==> ignore
    arg [-L/usr/lib/gcc/i486-linux-gnu/4.7] ==> dir [/usr/lib/gcc/i486-linux-gnu/4.7]
    arg [-L/usr/lib/gcc/i486-linux-gnu/4.7/../../../i386-linux-gnu] ==> dir [/usr/lib/gcc/i486-linux-gnu/4.7/../../../i386-linux-gnu]
    arg [-L/usr/lib/gcc/i486-linux-gnu/4.7/../../../../lib] ==> dir [/usr/lib/gcc/i486-linux-gnu/4.7/../../../../lib]
    arg [-L/lib/i386-linux-gnu] ==> dir [/lib/i386-linux-gnu]
    arg [-L/lib/../lib] ==> dir [/lib/../lib]
    arg [-L/usr/lib/i386-linux-gnu] ==> dir [/usr/lib/i386-linux-gnu]
    arg [-L/usr/lib/../lib] ==> dir [/usr/lib/../lib]
    arg [-L/usr/lib/gcc/i486-linux-gnu/4.7/../../..] ==> dir [/usr/lib/gcc/i486-linux-gnu/4.7/../../..]
    arg [CMakeFiles/cmTryCompileExec3990763612.dir/CMakeCCompilerABI.c.o] ==> ignore
    arg [-lgcc] ==> lib [gcc]
    arg [--as-needed] ==> ignore
    arg [-lgcc_s] ==> lib [gcc_s]
    arg [--no-as-needed] ==> ignore
    arg [-lc] ==> lib [c]
    arg [-lgcc] ==> lib [gcc]
    arg [--as-needed] ==> ignore
    arg [-lgcc_s] ==> lib [gcc_s]
    arg [--no-as-needed] ==> ignore
    arg [/usr/lib/gcc/i486-linux-gnu/4.7/crtend.o] ==> ignore
    arg [/usr/lib/gcc/i486-linux-gnu/4.7/../../../i386-linux-gnu/crtn.o] ==> ignore
  remove lib [gcc]
  remove lib [gcc_s]
  remove lib [gcc]
  remove lib [gcc_s]
  collapse dir [/usr/lib/gcc/i486-linux-gnu/4.7] ==> [/usr/lib/gcc/i486-linux-gnu/4.7]
  collapse dir [/usr/lib/gcc/i486-linux-gnu/4.7/../../../i386-linux-gnu] ==> [/usr/lib/i386-linux-gnu]
  collapse dir [/usr/lib/gcc/i486-linux-gnu/4.7/../../../../lib] ==> [/usr/lib]
  collapse dir [/lib/i386-linux-gnu] ==> [/lib/i386-linux-gnu]
  collapse dir [/lib/../lib] ==> [/lib]
  collapse dir [/usr/lib/i386-linux-gnu] ==> [/usr/lib/i386-linux-gnu]
  collapse dir [/usr/lib/../lib] ==> [/usr/lib]
  collapse dir [/usr/lib/gcc/i486-linux-gnu/4.7/../../..] ==> [/usr/lib]
  implicit libs: [c]
  implicit dirs: [/usr/lib/gcc/i486-linux-gnu/4.7;/usr/lib/i386-linux-gnu;/usr/lib;/lib/i386-linux-gnu;/lib]


Determining if the CXX compiler works passed with the following output:
Change Dir: /home/tomek/hg/hedgewars/myHedgewarsBranch/CMakeFiles/CMakeTmp

Run Build Command:/usr/bin/make "cmTryCompileExec1074846286/fast"
/usr/bin/make -f CMakeFiles/cmTryCompileExec1074846286.dir/build.make CMakeFiles/cmTryCompileExec1074846286.dir/build
make[1]: Wejście do katalogu `/home/tomek/hg/hedgewars/myHedgewarsBranch/CMakeFiles/CMakeTmp'
/usr/bin/cmake -E cmake_progress_report /home/tomek/hg/hedgewars/myHedgewarsBranch/CMakeFiles/CMakeTmp/CMakeFiles 1
Building CXX object CMakeFiles/cmTryCompileExec1074846286.dir/testCXXCompiler.cxx.o
/usr/bin/c++     -o CMakeFiles/cmTryCompileExec1074846286.dir/testCXXCompiler.cxx.o -c /home/tomek/hg/hedgewars/myHedgewarsBranch/CMakeFiles/CMakeTmp/testCXXCompiler.cxx
Linking CXX executable cmTryCompileExec1074846286
/usr/bin/cmake -E cmake_link_script CMakeFiles/cmTryCompileExec1074846286.dir/link.txt --verbose=1
/usr/bin/c++          CMakeFiles/cmTryCompileExec1074846286.dir/testCXXCompiler.cxx.o  -o cmTryCompileExec1074846286 -rdynamic 
make[1]: Opuszczenie katalogu `/home/tomek/hg/hedgewars/myHedgewarsBranch/CMakeFiles/CMakeTmp'


Detecting CXX compiler ABI info compiled with the following output:
Change Dir: /home/tomek/hg/hedgewars/myHedgewarsBranch/CMakeFiles/CMakeTmp

Run Build Command:/usr/bin/make "cmTryCompileExec2914050960/fast"
/usr/bin/make -f CMakeFiles/cmTryCompileExec2914050960.dir/build.make CMakeFiles/cmTryCompileExec2914050960.dir/build
make[1]: Wejście do katalogu `/home/tomek/hg/hedgewars/myHedgewarsBranch/CMakeFiles/CMakeTmp'
/usr/bin/cmake -E cmake_progress_report /home/tomek/hg/hedgewars/myHedgewarsBranch/CMakeFiles/CMakeTmp/CMakeFiles 1
Building CXX object CMakeFiles/cmTryCompileExec2914050960.dir/CMakeCXXCompilerABI.cpp.o
/usr/bin/c++     -o CMakeFiles/cmTryCompileExec2914050960.dir/CMakeCXXCompilerABI.cpp.o -c /usr/share/cmake-2.8/Modules/CMakeCXXCompilerABI.cpp
Linking CXX executable cmTryCompileExec2914050960
/usr/bin/cmake -E cmake_link_script CMakeFiles/cmTryCompileExec2914050960.dir/link.txt --verbose=1
/usr/bin/c++        -v CMakeFiles/cmTryCompileExec2914050960.dir/CMakeCXXCompilerABI.cpp.o  -o cmTryCompileExec2914050960 -rdynamic  
Using built-in specs.
COLLECT_GCC=/usr/bin/c++
COLLECT_LTO_WRAPPER=/usr/lib/gcc/i486-linux-gnu/4.7/lto-wrapper
Target: i486-linux-gnu
Configured with: ../src/configure -v --with-pkgversion='Debian 4.7.2-5' --with-bugurl=file:///usr/share/doc/gcc-4.7/README.Bugs --enable-languages=c,c++,go,fortran,objc,obj-c++ --prefix=/usr --program-suffix=-4.7 --enable-shared --enable-linker-build-id --with-system-zlib --libexecdir=/usr/lib --without-included-gettext --enable-threads=posix --with-gxx-include-dir=/usr/include/c++/4.7 --libdir=/usr/lib --enable-nls --with-sysroot=/ --enable-clocale=gnu --enable-libstdcxx-debug --enable-libstdcxx-time=yes --enable-gnu-unique-object --enable-plugin --enable-objc-gc --enable-targets=all --with-arch-32=i586 --with-tune=generic --enable-checking=release --build=i486-linux-gnu --host=i486-linux-gnu --target=i486-linux-gnu
Thread model: posix
gcc version 4.7.2 (Debian 4.7.2-5) 
COMPILER_PATH=/usr/lib/gcc/i486-linux-gnu/4.7/:/usr/lib/gcc/i486-linux-gnu/4.7/:/usr/lib/gcc/i486-linux-gnu/:/usr/lib/gcc/i486-linux-gnu/4.7/:/usr/lib/gcc/i486-linux-gnu/
LIBRARY_PATH=/usr/lib/gcc/i486-linux-gnu/4.7/:/usr/lib/gcc/i486-linux-gnu/4.7/../../../i386-linux-gnu/:/usr/lib/gcc/i486-linux-gnu/4.7/../../../../lib/:/lib/i386-linux-gnu/:/lib/../lib/:/usr/lib/i386-linux-gnu/:/usr/lib/../lib/:/usr/lib/gcc/i486-linux-gnu/4.7/../../../:/lib/:/usr/lib/
COLLECT_GCC_OPTIONS='-v' '-o' 'cmTryCompileExec2914050960' '-rdynamic' '-shared-libgcc' '-mtune=generic' '-march=i586'
 /usr/lib/gcc/i486-linux-gnu/4.7/collect2 --sysroot=/ --build-id --no-add-needed --eh-frame-hdr -m elf_i386 --hash-style=both -export-dynamic -dynamic-linker /lib/ld-linux.so.2 -o cmTryCompileExec2914050960 /usr/lib/gcc/i486-linux-gnu/4.7/../../../i386-linux-gnu/crt1.o /usr/lib/gcc/i486-linux-gnu/4.7/../../../i386-linux-gnu/crti.o /usr/lib/gcc/i486-linux-gnu/4.7/crtbegin.o -L/usr/lib/gcc/i486-linux-gnu/4.7 -L/usr/lib/gcc/i486-linux-gnu/4.7/../../../i386-linux-gnu -L/usr/lib/gcc/i486-linux-gnu/4.7/../../../../lib -L/lib/i386-linux-gnu -L/lib/../lib -L/usr/lib/i386-linux-gnu -L/usr/lib/../lib -L/usr/lib/gcc/i486-linux-gnu/4.7/../../.. CMakeFiles/cmTryCompileExec2914050960.dir/CMakeCXXCompilerABI.cpp.o -lstdc++ -lm -lgcc_s -lgcc -lc -lgcc_s -lgcc /usr/lib/gcc/i486-linux-gnu/4.7/crtend.o /usr/lib/gcc/i486-linux-gnu/4.7/../../../i386-linux-gnu/crtn.o
make[1]: Opuszczenie katalogu `/home/tomek/hg/hedgewars/myHedgewarsBranch/CMakeFiles/CMakeTmp'


Parsed CXX implicit link information from above output:
  link line regex: [^( *|.*[/\])(ld|ld|collect2)[^/\]*( |$)]
  ignore line: [Change Dir: /home/tomek/hg/hedgewars/myHedgewarsBranch/CMakeFiles/CMakeTmp]
  ignore line: []
  ignore line: [Run Build Command:/usr/bin/make "cmTryCompileExec2914050960/fast"]
  ignore line: [/usr/bin/make -f CMakeFiles/cmTryCompileExec2914050960.dir/build.make CMakeFiles/cmTryCompileExec2914050960.dir/build]
  ignore line: [make[1]: Wejście do katalogu `/home/tomek/hg/hedgewars/myHedgewarsBranch/CMakeFiles/CMakeTmp']
  ignore line: [/usr/bin/cmake -E cmake_progress_report /home/tomek/hg/hedgewars/myHedgewarsBranch/CMakeFiles/CMakeTmp/CMakeFiles 1]
  ignore line: [Building CXX object CMakeFiles/cmTryCompileExec2914050960.dir/CMakeCXXCompilerABI.cpp.o]
  ignore line: [/usr/bin/c++     -o CMakeFiles/cmTryCompileExec2914050960.dir/CMakeCXXCompilerABI.cpp.o -c /usr/share/cmake-2.8/Modules/CMakeCXXCompilerABI.cpp]
  ignore line: [Linking CXX executable cmTryCompileExec2914050960]
  ignore line: [/usr/bin/cmake -E cmake_link_script CMakeFiles/cmTryCompileExec2914050960.dir/link.txt --verbose=1]
  ignore line: [/usr/bin/c++        -v CMakeFiles/cmTryCompileExec2914050960.dir/CMakeCXXCompilerABI.cpp.o  -o cmTryCompileExec2914050960 -rdynamic  ]
  ignore line: [Using built-in specs.]
  ignore line: [COLLECT_GCC=/usr/bin/c++]
  ignore line: [COLLECT_LTO_WRAPPER=/usr/lib/gcc/i486-linux-gnu/4.7/lto-wrapper]
  ignore line: [Target: i486-linux-gnu]
  ignore line: [Configured with: ../src/configure -v --with-pkgversion='Debian 4.7.2-5' --with-bugurl=file:///usr/share/doc/gcc-4.7/README.Bugs --enable-languages=c,c++,go,fortran,objc,obj-c++ --prefix=/usr --program-suffix=-4.7 --enable-shared --enable-linker-build-id --with-system-zlib --libexecdir=/usr/lib --without-included-gettext --enable-threads=posix --with-gxx-include-dir=/usr/include/c++/4.7 --libdir=/usr/lib --enable-nls --with-sysroot=/ --enable-clocale=gnu --enable-libstdcxx-debug --enable-libstdcxx-time=yes --enable-gnu-unique-object --enable-plugin --enable-objc-gc --enable-targets=all --with-arch-32=i586 --with-tune=generic --enable-checking=release --build=i486-linux-gnu --host=i486-linux-gnu --target=i486-linux-gnu]
  ignore line: [Thread model: posix]
  ignore line: [gcc version 4.7.2 (Debian 4.7.2-5) ]
  ignore line: [COMPILER_PATH=/usr/lib/gcc/i486-linux-gnu/4.7/:/usr/lib/gcc/i486-linux-gnu/4.7/:/usr/lib/gcc/i486-linux-gnu/:/usr/lib/gcc/i486-linux-gnu/4.7/:/usr/lib/gcc/i486-linux-gnu/]
  ignore line: [LIBRARY_PATH=/usr/lib/gcc/i486-linux-gnu/4.7/:/usr/lib/gcc/i486-linux-gnu/4.7/../../../i386-linux-gnu/:/usr/lib/gcc/i486-linux-gnu/4.7/../../../../lib/:/lib/i386-linux-gnu/:/lib/../lib/:/usr/lib/i386-linux-gnu/:/usr/lib/../lib/:/usr/lib/gcc/i486-linux-gnu/4.7/../../../:/lib/:/usr/lib/]
  ignore line: [COLLECT_GCC_OPTIONS='-v' '-o' 'cmTryCompileExec2914050960' '-rdynamic' '-shared-libgcc' '-mtune=generic' '-march=i586']
  link line: [ /usr/lib/gcc/i486-linux-gnu/4.7/collect2 --sysroot=/ --build-id --no-add-needed --eh-frame-hdr -m elf_i386 --hash-style=both -export-dynamic -dynamic-linker /lib/ld-linux.so.2 -o cmTryCompileExec2914050960 /usr/lib/gcc/i486-linux-gnu/4.7/../../../i386-linux-gnu/crt1.o /usr/lib/gcc/i486-linux-gnu/4.7/../../../i386-linux-gnu/crti.o /usr/lib/gcc/i486-linux-gnu/4.7/crtbegin.o -L/usr/lib/gcc/i486-linux-gnu/4.7 -L/usr/lib/gcc/i486-linux-gnu/4.7/../../../i386-linux-gnu -L/usr/lib/gcc/i486-linux-gnu/4.7/../../../../lib -L/lib/i386-linux-gnu -L/lib/../lib -L/usr/lib/i386-linux-gnu -L/usr/lib/../lib -L/usr/lib/gcc/i486-linux-gnu/4.7/../../.. CMakeFiles/cmTryCompileExec2914050960.dir/CMakeCXXCompilerABI.cpp.o -lstdc++ -lm -lgcc_s -lgcc -lc -lgcc_s -lgcc /usr/lib/gcc/i486-linux-gnu/4.7/crtend.o /usr/lib/gcc/i486-linux-gnu/4.7/../../../i386-linux-gnu/crtn.o]
    arg [/usr/lib/gcc/i486-linux-gnu/4.7/collect2] ==> ignore
    arg [--sysroot=/] ==> ignore
    arg [--build-id] ==> ignore
    arg [--no-add-needed] ==> ignore
    arg [--eh-frame-hdr] ==> ignore
    arg [-m] ==> ignore
    arg [elf_i386] ==> ignore
    arg [--hash-style=both] ==> ignore
    arg [-export-dynamic] ==> ignore
    arg [-dynamic-linker] ==> ignore
    arg [/lib/ld-linux.so.2] ==> ignore
    arg [-o] ==> ignore
    arg [cmTryCompileExec2914050960] ==> ignore
    arg [/usr/lib/gcc/i486-linux-gnu/4.7/../../../i386-linux-gnu/crt1.o] ==> ignore
    arg [/usr/lib/gcc/i486-linux-gnu/4.7/../../../i386-linux-gnu/crti.o] ==> ignore
    arg [/usr/lib/gcc/i486-linux-gnu/4.7/crtbegin.o] ==> ignore
    arg [-L/usr/lib/gcc/i486-linux-gnu/4.7] ==> dir [/usr/lib/gcc/i486-linux-gnu/4.7]
    arg [-L/usr/lib/gcc/i486-linux-gnu/4.7/../../../i386-linux-gnu] ==> dir [/usr/lib/gcc/i486-linux-gnu/4.7/../../../i386-linux-gnu]
    arg [-L/usr/lib/gcc/i486-linux-gnu/4.7/../../../../lib] ==> dir [/usr/lib/gcc/i486-linux-gnu/4.7/../../../../lib]
    arg [-L/lib/i386-linux-gnu] ==> dir [/lib/i386-linux-gnu]
    arg [-L/lib/../lib] ==> dir [/lib/../lib]
    arg [-L/usr/lib/i386-linux-gnu] ==> dir [/usr/lib/i386-linux-gnu]
    arg [-L/usr/lib/../lib] ==> dir [/usr/lib/../lib]
    arg [-L/usr/lib/gcc/i486-linux-gnu/4.7/../../..] ==> dir [/usr/lib/gcc/i486-linux-gnu/4.7/../../..]
    arg [CMakeFiles/cmTryCompileExec2914050960.dir/CMakeCXXCompilerABI.cpp.o] ==> ignore
    arg [-lstdc++] ==> lib [stdc++]
    arg [-lm] ==> lib [m]
    arg [-lgcc_s] ==> lib [gcc_s]
    arg [-lgcc] ==> lib [gcc]
    arg [-lc] ==> lib [c]
    arg [-lgcc_s] ==> lib [gcc_s]
    arg [-lgcc] ==> lib [gcc]
    arg [/usr/lib/gcc/i486-linux-gnu/4.7/crtend.o] ==> ignore
    arg [/usr/lib/gcc/i486-linux-gnu/4.7/../../../i386-linux-gnu/crtn.o] ==> ignore
  remove lib [gcc_s]
  remove lib [gcc]
  remove lib [gcc_s]
  remove lib [gcc]
  collapse dir [/usr/lib/gcc/i486-linux-gnu/4.7] ==> [/usr/lib/gcc/i486-linux-gnu/4.7]
  collapse dir [/usr/lib/gcc/i486-linux-gnu/4.7/../../../i386-linux-gnu] ==> [/usr/lib/i386-linux-gnu]
  collapse dir [/usr/lib/gcc/i486-linux-gnu/4.7/../../../../lib] ==> [/usr/lib]
  collapse dir [/lib/i386-linux-gnu] ==> [/lib/i386-linux-gnu]
  collapse dir [/lib/../lib] ==> [/lib]
  collapse dir [/usr/lib/i386-linux-gnu] ==> [/usr/lib/i386-linux-gnu]
  collapse dir [/usr/lib/../lib] ==> [/usr/lib]
  collapse dir [/usr/lib/gcc/i486-linux-gnu/4.7/../../..] ==> [/usr/lib]
  implicit libs: [stdc++;m;c]
  implicit dirs: [/usr/lib/gcc/i486-linux-gnu/4.7;/usr/lib/i386-linux-gnu;/usr/lib;/lib/i386-linux-gnu;/lib]


Performing C SOURCE FILE Test HAVE_STACKPROTECTOR succeded with the following output:
Change Dir: /home/tomek/hg/hedgewars/myHedgewarsBranch/CMakeFiles/CMakeTmp

Run Build Command:/usr/bin/make "cmTryCompileExec3733813927/fast"
/usr/bin/make -f CMakeFiles/cmTryCompileExec3733813927.dir/build.make CMakeFiles/cmTryCompileExec3733813927.dir/build
make[1]: Wejście do katalogu `/home/tomek/hg/hedgewars/myHedgewarsBranch/CMakeFiles/CMakeTmp'
/usr/bin/cmake -E cmake_progress_report /home/tomek/hg/hedgewars/myHedgewarsBranch/CMakeFiles/CMakeTmp/CMakeFiles 1
Building C object CMakeFiles/cmTryCompileExec3733813927.dir/src.c.o
/usr/bin/gcc   -fPIC  -DHAVE_STACKPROTECTOR   -fstack-protector-all -fstack-protector -o CMakeFiles/cmTryCompileExec3733813927.dir/src.c.o   -c /home/tomek/hg/hedgewars/myHedgewarsBranch/CMakeFiles/CMakeTmp/src.c
Linking C executable cmTryCompileExec3733813927
/usr/bin/cmake -E cmake_link_script CMakeFiles/cmTryCompileExec3733813927.dir/link.txt --verbose=1
/usr/bin/gcc    -fPIC  -DHAVE_STACKPROTECTOR    CMakeFiles/cmTryCompileExec3733813927.dir/src.c.o  -o cmTryCompileExec3733813927 -rdynamic 
make[1]: Opuszczenie katalogu `/home/tomek/hg/hedgewars/myHedgewarsBranch/CMakeFiles/CMakeTmp'

Source file was:
int main(void) { return 0; }
Performing C SOURCE FILE Test HAVE_VISIBILITY succeded with the following output:
Change Dir: /home/tomek/hg/hedgewars/myHedgewarsBranch/CMakeFiles/CMakeTmp

Run Build Command:/usr/bin/make "cmTryCompileExec156493734/fast"
/usr/bin/make -f CMakeFiles/cmTryCompileExec156493734.dir/build.make CMakeFiles/cmTryCompileExec156493734.dir/build
make[1]: Wejście do katalogu `/home/tomek/hg/hedgewars/myHedgewarsBranch/CMakeFiles/CMakeTmp'
/usr/bin/cmake -E cmake_progress_report /home/tomek/hg/hedgewars/myHedgewarsBranch/CMakeFiles/CMakeTmp/CMakeFiles 1
Building C object CMakeFiles/cmTryCompileExec156493734.dir/src.c.o
/usr/bin/gcc   -fPIC -fstack-protector-all -fstack-protector  -DHAVE_VISIBILITY   -fvisibility=hidden -o CMakeFiles/cmTryCompileExec156493734.dir/src.c.o   -c /home/tomek/hg/hedgewars/myHedgewarsBranch/CMakeFiles/CMakeTmp/src.c
Linking C executable cmTryCompileExec156493734
/usr/bin/cmake -E cmake_link_script CMakeFiles/cmTryCompileExec156493734.dir/link.txt --verbose=1
/usr/bin/gcc    -fPIC -fstack-protector-all -fstack-protector  -DHAVE_VISIBILITY    CMakeFiles/cmTryCompileExec156493734.dir/src.c.o  -o cmTryCompileExec156493734 -rdynamic 
make[1]: Opuszczenie katalogu `/home/tomek/hg/hedgewars/myHedgewarsBranch/CMakeFiles/CMakeTmp'

Source file was:
int main(void) { return 0; }
Performing C SOURCE FILE Test HAVE_NOEXECSTACK succeded with the following output:
Change Dir: /home/tomek/hg/hedgewars/myHedgewarsBranch/CMakeFiles/CMakeTmp

Run Build Command:/usr/bin/make "cmTryCompileExec2569401217/fast"
/usr/bin/make -f CMakeFiles/cmTryCompileExec2569401217.dir/build.make CMakeFiles/cmTryCompileExec2569401217.dir/build
make[1]: Wejście do katalogu `/home/tomek/hg/hedgewars/myHedgewarsBranch/CMakeFiles/CMakeTmp'
/usr/bin/cmake -E cmake_progress_report /home/tomek/hg/hedgewars/myHedgewarsBranch/CMakeFiles/CMakeTmp/CMakeFiles 1
Building C object CMakeFiles/cmTryCompileExec2569401217.dir/src.c.o
/usr/bin/gcc   -fPIC -fstack-protector-all -fstack-protector -fvisibility=hidden  -DHAVE_NOEXECSTACK -Wl,-znoexecstack   -o CMakeFiles/cmTryCompileExec2569401217.dir/src.c.o   -c /home/tomek/hg/hedgewars/myHedgewarsBranch/CMakeFiles/CMakeTmp/src.c
Linking C executable cmTryCompileExec2569401217
/usr/bin/cmake -E cmake_link_script CMakeFiles/cmTryCompileExec2569401217.dir/link.txt --verbose=1
/usr/bin/gcc    -fPIC -fstack-protector-all -fstack-protector -fvisibility=hidden  -DHAVE_NOEXECSTACK -Wl,-znoexecstack    CMakeFiles/cmTryCompileExec2569401217.dir/src.c.o  -o cmTryCompileExec2569401217 -rdynamic 
make[1]: Opuszczenie katalogu `/home/tomek/hg/hedgewars/myHedgewarsBranch/CMakeFiles/CMakeTmp'

Source file was:
int main(void) { return 0; }
Performing C SOURCE FILE Test HAVE_ORIGIN succeded with the following output:
Change Dir: /home/tomek/hg/hedgewars/myHedgewarsBranch/CMakeFiles/CMakeTmp

Run Build Command:/usr/bin/make "cmTryCompileExec2515614338/fast"
/usr/bin/make -f CMakeFiles/cmTryCompileExec2515614338.dir/build.make CMakeFiles/cmTryCompileExec2515614338.dir/build
make[1]: Wejście do katalogu `/home/tomek/hg/hedgewars/myHedgewarsBranch/CMakeFiles/CMakeTmp'
/usr/bin/cmake -E cmake_progress_report /home/tomek/hg/hedgewars/myHedgewarsBranch/CMakeFiles/CMakeTmp/CMakeFiles 1
Building C object CMakeFiles/cmTryCompileExec2515614338.dir/src.c.o
/usr/bin/gcc   -fPIC -fstack-protector-all -fstack-protector -fvisibility=hidden  -DHAVE_ORIGIN -Wl,-zorigin   -o CMakeFiles/cmTryCompileExec2515614338.dir/src.c.o   -c /home/tomek/hg/hedgewars/myHedgewarsBranch/CMakeFiles/CMakeTmp/src.c
Linking C executable cmTryCompileExec2515614338
/usr/bin/cmake -E cmake_link_script CMakeFiles/cmTryCompileExec2515614338.dir/link.txt --verbose=1
/usr/bin/gcc    -fPIC -fstack-protector-all -fstack-protector -fvisibility=hidden  -DHAVE_ORIGIN -Wl,-zorigin    CMakeFiles/cmTryCompileExec2515614338.dir/src.c.o  -o cmTryCompileExec2515614338 -rdynamic 
make[1]: Opuszczenie katalogu `/home/tomek/hg/hedgewars/myHedgewarsBranch/CMakeFiles/CMakeTmp'

Source file was:
int main(void) { return 0; }
Performing C SOURCE FILE Test HAVE_RELROFULL succeded with the following output:
Change Dir: /home/tomek/hg/hedgewars/myHedgewarsBranch/CMakeFiles/CMakeTmp

Run Build Command:/usr/bin/make "cmTryCompileExec4016856942/fast"
/usr/bin/make -f CMakeFiles/cmTryCompileExec4016856942.dir/build.make CMakeFiles/cmTryCompileExec4016856942.dir/build
make[1]: Wejście do katalogu `/home/tomek/hg/hedgewars/myHedgewarsBranch/CMakeFiles/CMakeTmp'
/usr/bin/cmake -E cmake_progress_report /home/tomek/hg/hedgewars/myHedgewarsBranch/CMakeFiles/CMakeTmp/CMakeFiles 1
Building C object CMakeFiles/cmTryCompileExec4016856942.dir/src.c.o
/usr/bin/gcc   -fPIC -fstack-protector-all -fstack-protector -fvisibility=hidden  -DHAVE_RELROFULL -Wl,-zrelro,-znow   -o CMakeFiles/cmTryCompileExec4016856942.dir/src.c.o   -c /home/tomek/hg/hedgewars/myHedgewarsBranch/CMakeFiles/CMakeTmp/src.c
Linking C executable cmTryCompileExec4016856942
/usr/bin/cmake -E cmake_link_script CMakeFiles/cmTryCompileExec4016856942.dir/link.txt --verbose=1
/usr/bin/gcc    -fPIC -fstack-protector-all -fstack-protector -fvisibility=hidden  -DHAVE_RELROFULL -Wl,-zrelro,-znow    CMakeFiles/cmTryCompileExec4016856942.dir/src.c.o  -o cmTryCompileExec4016856942 -rdynamic 
make[1]: Opuszczenie katalogu `/home/tomek/hg/hedgewars/myHedgewarsBranch/CMakeFiles/CMakeTmp'

Source file was:
int main(void) { return 0; }
Determining if files pthread.h exist passed with the following output:
Change Dir: /home/tomek/hg/hedgewars/myHedgewarsBranch/CMakeFiles/CMakeTmp

Run Build Command:/usr/bin/make "cmTryCompileExec2632883937/fast"
/usr/bin/make -f CMakeFiles/cmTryCompileExec2632883937.dir/build.make CMakeFiles/cmTryCompileExec2632883937.dir/build
make[1]: Wejście do katalogu `/home/tomek/hg/hedgewars/myHedgewarsBranch/CMakeFiles/CMakeTmp'
/usr/bin/cmake -E cmake_progress_report /home/tomek/hg/hedgewars/myHedgewarsBranch/CMakeFiles/CMakeTmp/CMakeFiles 1
Building C object CMakeFiles/cmTryCompileExec2632883937.dir/CheckIncludeFiles.c.o
/usr/bin/gcc   -fPIC -fstack-protector-all -fstack-protector -fvisibility=hidden -Wall -pipe     -o CMakeFiles/cmTryCompileExec2632883937.dir/CheckIncludeFiles.c.o   -c /home/tomek/hg/hedgewars/myHedgewarsBranch/CMakeFiles/CMakeTmp/CheckIncludeFiles.c
Linking C executable cmTryCompileExec2632883937
/usr/bin/cmake -E cmake_link_script CMakeFiles/cmTryCompileExec2632883937.dir/link.txt --verbose=1
/usr/bin/gcc    -fPIC -fstack-protector-all -fstack-protector -fvisibility=hidden -Wall -pipe      CMakeFiles/cmTryCompileExec2632883937.dir/CheckIncludeFiles.c.o  -o cmTryCompileExec2632883937 -rdynamic 
make[1]: Opuszczenie katalogu `/home/tomek/hg/hedgewars/myHedgewarsBranch/CMakeFiles/CMakeTmp'


Determining if the function pthread_create exists in the pthread passed with the following output:
Change Dir: /home/tomek/hg/hedgewars/myHedgewarsBranch/CMakeFiles/CMakeTmp

Run Build Command:/usr/bin/make "cmTryCompileExec3792429811/fast"
/usr/bin/make -f CMakeFiles/cmTryCompileExec3792429811.dir/build.make CMakeFiles/cmTryCompileExec3792429811.dir/build
make[1]: Wejście do katalogu `/home/tomek/hg/hedgewars/myHedgewarsBranch/CMakeFiles/CMakeTmp'
/usr/bin/cmake -E cmake_progress_report /home/tomek/hg/hedgewars/myHedgewarsBranch/CMakeFiles/CMakeTmp/CMakeFiles 1
Building C object CMakeFiles/cmTryCompileExec3792429811.dir/CheckFunctionExists.c.o
/usr/bin/gcc   -fPIC -fstack-protector-all -fstack-protector -fvisibility=hidden -Wall -pipe  -DCHECK_FUNCTION_EXISTS=pthread_create   -o CMakeFiles/cmTryCompileExec3792429811.dir/CheckFunctionExists.c.o   -c /usr/share/cmake-2.8/Modules/CheckFunctionExists.c
Linking C executable cmTryCompileExec3792429811
/usr/bin/cmake -E cmake_link_script CMakeFiles/cmTryCompileExec3792429811.dir/link.txt --verbose=1
/usr/bin/gcc    -fPIC -fstack-protector-all -fstack-protector -fvisibility=hidden -Wall -pipe  -DCHECK_FUNCTION_EXISTS=pthread_create    CMakeFiles/cmTryCompileExec3792429811.dir/CheckFunctionExists.c.o  -o cmTryCompileExec3792429811 -rdynamic -lpthread 
make[1]: Opuszczenie katalogu `/home/tomek/hg/hedgewars/myHedgewarsBranch/CMakeFiles/CMakeTmp'


Determining if the Q_WS_X11 exist passed with the following output:
Change Dir: /home/tomek/hg/hedgewars/myHedgewarsBranch/CMakeFiles/CMakeTmp

Run Build Command:/usr/bin/make "cmTryCompileExec3915022087/fast"
/usr/bin/make -f CMakeFiles/cmTryCompileExec3915022087.dir/build.make CMakeFiles/cmTryCompileExec3915022087.dir/build
make[1]: Wejście do katalogu `/home/tomek/hg/hedgewars/myHedgewarsBranch/CMakeFiles/CMakeTmp'
/usr/bin/cmake -E cmake_progress_report /home/tomek/hg/hedgewars/myHedgewarsBranch/CMakeFiles/CMakeTmp/CMakeFiles 1
Building CXX object CMakeFiles/cmTryCompileExec3915022087.dir/CheckSymbolExists.cxx.o
/usr/bin/c++    -fPIC -fstack-protector-all -fstack-protector -fvisibility=hidden -Wall -pipe   -I/usr/include/qt4    -o CMakeFiles/cmTryCompileExec3915022087.dir/CheckSymbolExists.cxx.o -c /home/tomek/hg/hedgewars/myHedgewarsBranch/CMakeFiles/CMakeTmp/CheckSymbolExists.cxx
Linking CXX executable cmTryCompileExec3915022087
/usr/bin/cmake -E cmake_link_script CMakeFiles/cmTryCompileExec3915022087.dir/link.txt --verbose=1
/usr/bin/c++     -fPIC -fstack-protector-all -fstack-protector -fvisibility=hidden -Wall -pipe      CMakeFiles/cmTryCompileExec3915022087.dir/CheckSymbolExists.cxx.o  -o cmTryCompileExec3915022087 -rdynamic 
make[1]: Opuszczenie katalogu `/home/tomek/hg/hedgewars/myHedgewarsBranch/CMakeFiles/CMakeTmp'

File /home/tomek/hg/hedgewars/myHedgewarsBranch/CMakeFiles/CMakeTmp/CheckSymbolExists.cxx:
/* */
#include <QtCore/qglobal.h>

int main(int argc, char** argv)
{
  (void)argv;
#ifndef Q_WS_X11
  return ((int*)(&Q_WS_X11))[argc];
#else
  (void)argc;
  return 0;
#endif
}

